{
  "stats": {
    "suites": 5,
    "tests": 13,
    "passes": 13,
    "pending": 0,
    "failures": 0,
    "start": "2020-06-29T17:14:04.466Z",
    "end": "2020-06-29T17:14:46.001Z",
    "duration": 41535,
    "testsRegistered": 13,
    "passPercent": 100,
    "pendingPercent": 0,
    "other": 0,
    "hasOther": false,
    "skipped": 0,
    "hasSkipped": false
  },
  "results": [
    {
      "uuid": "2d51809e-5ae8-4ca8-a1da-22140d239308",
      "title": "",
      "fullFile": "cypress\\integration\\TestScripts\\HomePage.spec.js",
      "file": "cypress\\integration\\TestScripts\\HomePage.spec.js",
      "beforeHooks": [],
      "afterHooks": [],
      "tests": [],
      "suites": [
        {
          "uuid": "c5c84652-74c8-47c2-89d1-7d92901c468d",
          "title": "Login to Application",
          "fullFile": "",
          "file": "",
          "beforeHooks": [],
          "afterHooks": [],
          "tests": [
            {
              "title": "Performing login",
              "fullTitle": "Login to Application Performing login",
              "timedOut": null,
              "duration": 11713,
              "state": "passed",
              "speed": "slow",
              "pass": true,
              "fail": false,
              "pending": false,
              "context": null,
              "code": "_LoginPage[\"default\"].VerifyLoginPage();\n_LoginPage[\"default\"].loginUser(_config.login_username, _config.login_password);\n_LoginPage[\"default\"].pause(1000);",
              "err": {},
              "uuid": "ebc90a7e-4c3b-4866-aa56-d79f1dd55e93",
              "parentUUID": "c5c84652-74c8-47c2-89d1-7d92901c468d",
              "isHook": false,
              "skipped": false
            },
            {
              "title": "Verifying Successful Login",
              "fullTitle": "Login to Application Verifying Successful Login",
              "timedOut": null,
              "duration": 301,
              "state": "passed",
              "speed": "slow",
              "pass": true,
              "fail": false,
              "pending": false,
              "context": null,
              "code": "_HomePage[\"default\"].verifySuccessfulLogin();",
              "err": {},
              "uuid": "a1ac33ec-ca63-4669-a412-880322db9c06",
              "parentUUID": "c5c84652-74c8-47c2-89d1-7d92901c468d",
              "isHook": false,
              "skipped": false
            }
          ],
          "suites": [],
          "passes": [
            "ebc90a7e-4c3b-4866-aa56-d79f1dd55e93",
            "a1ac33ec-ca63-4669-a412-880322db9c06"
          ],
          "failures": [],
          "pending": [],
          "skipped": [],
          "duration": 12014,
          "root": false,
          "rootEmpty": false,
          "_timeout": 2000
        },
        {
          "uuid": "0318baa0-6181-489b-8f68-a94b1fdd7dd7",
          "title": "Verifying availability of Features",
          "fullFile": "",
          "file": "",
          "beforeHooks": [],
          "afterHooks": [],
          "tests": [
            {
              "title": "Verifying Availability Help Buttom",
              "fullTitle": "Verifying availability of Features Verifying Availability Help Buttom",
              "timedOut": null,
              "duration": 238,
              "state": "passed",
              "speed": "slow",
              "pass": true,
              "fail": false,
              "pending": false,
              "context": null,
              "code": "_HomePage[\"default\"].VerifyButtomHelp();",
              "err": {},
              "uuid": "ad912350-5304-4257-88c7-461c419cb1b2",
              "parentUUID": "0318baa0-6181-489b-8f68-a94b1fdd7dd7",
              "isHook": false,
              "skipped": false
            },
            {
              "title": "Verifying company Logo",
              "fullTitle": "Verifying availability of Features Verifying company Logo",
              "timedOut": null,
              "duration": 80,
              "state": "passed",
              "speed": "slow",
              "pass": true,
              "fail": false,
              "pending": false,
              "context": null,
              "code": "_HomePage[\"default\"].VerifyLogo();",
              "err": {},
              "uuid": "08353a16-ec4c-4f3a-a8b9-e96a196f0be3",
              "parentUUID": "0318baa0-6181-489b-8f68-a94b1fdd7dd7",
              "isHook": false,
              "skipped": false
            },
            {
              "title": "Verifying Availability of QA Assement Account",
              "fullTitle": "Verifying availability of Features Verifying Availability of QA Assement Account",
              "timedOut": null,
              "duration": 110,
              "state": "passed",
              "speed": "slow",
              "pass": true,
              "fail": false,
              "pending": false,
              "context": null,
              "code": "_HomePage[\"default\"].VerifyQAAssesmentAccount();",
              "err": {},
              "uuid": "246b9bd9-6780-41c1-b9c4-8b1ebc799844",
              "parentUUID": "0318baa0-6181-489b-8f68-a94b1fdd7dd7",
              "isHook": false,
              "skipped": false
            },
            {
              "title": "Select Menubar",
              "fullTitle": "Verifying availability of Features Select Menubar",
              "timedOut": null,
              "duration": 313,
              "state": "passed",
              "speed": "slow",
              "pass": true,
              "fail": false,
              "pending": false,
              "context": null,
              "code": "_HomePage[\"default\"].ClickonMenubar();",
              "err": {},
              "uuid": "b68ae646-94e9-4cb5-9c02-7012f348caba",
              "parentUUID": "0318baa0-6181-489b-8f68-a94b1fdd7dd7",
              "isHook": false,
              "skipped": false
            },
            {
              "title": "Verifying Availability of DashBoard Feature",
              "fullTitle": "Verifying availability of Features Verifying Availability of DashBoard Feature",
              "timedOut": null,
              "duration": 256,
              "state": "passed",
              "speed": "slow",
              "pass": true,
              "fail": false,
              "pending": false,
              "context": null,
              "code": "_HomePage[\"default\"].verifyDashBoard();",
              "err": {},
              "uuid": "1dedf8e3-9bf7-4bfc-8a39-0abc0c0b9acd",
              "parentUUID": "0318baa0-6181-489b-8f68-a94b1fdd7dd7",
              "isHook": false,
              "skipped": false
            },
            {
              "title": "Verifying Availability of MarketPlace Feature",
              "fullTitle": "Verifying availability of Features Verifying Availability of MarketPlace Feature",
              "timedOut": null,
              "duration": 114,
              "state": "passed",
              "speed": "slow",
              "pass": true,
              "fail": false,
              "pending": false,
              "context": null,
              "code": "_HomePage[\"default\"].verifyMarketPlace();",
              "err": {},
              "uuid": "bab58875-95c1-40d7-badc-3d985971872b",
              "parentUUID": "0318baa0-6181-489b-8f68-a94b1fdd7dd7",
              "isHook": false,
              "skipped": false
            },
            {
              "title": "Verifying Availability of Account Feature",
              "fullTitle": "Verifying availability of Features Verifying Availability of Account Feature",
              "timedOut": null,
              "duration": 143,
              "state": "passed",
              "speed": "slow",
              "pass": true,
              "fail": false,
              "pending": false,
              "context": null,
              "code": "_HomePage[\"default\"].verifyAccount();",
              "err": {},
              "uuid": "2415cdc5-4f2f-47a5-826d-e8a527230172",
              "parentUUID": "0318baa0-6181-489b-8f68-a94b1fdd7dd7",
              "isHook": false,
              "skipped": false
            }
          ],
          "suites": [],
          "passes": [
            "ad912350-5304-4257-88c7-461c419cb1b2",
            "08353a16-ec4c-4f3a-a8b9-e96a196f0be3",
            "246b9bd9-6780-41c1-b9c4-8b1ebc799844",
            "b68ae646-94e9-4cb5-9c02-7012f348caba",
            "1dedf8e3-9bf7-4bfc-8a39-0abc0c0b9acd",
            "bab58875-95c1-40d7-badc-3d985971872b",
            "2415cdc5-4f2f-47a5-826d-e8a527230172"
          ],
          "failures": [],
          "pending": [],
          "skipped": [],
          "duration": 1254,
          "root": false,
          "rootEmpty": false,
          "_timeout": 2000
        },
        {
          "uuid": "1eb1d768-6b6a-4d80-bd38-c5d38a6cfa70",
          "title": "Set user to different language",
          "fullFile": "",
          "file": "",
          "beforeHooks": [],
          "afterHooks": [],
          "tests": [
            {
              "title": "Click on “QA Assessment Account” and select Edit profile” from the drop down",
              "fullTitle": "Set user to different language Click on “QA Assessment Account” and select Edit profile” from the drop down",
              "timedOut": null,
              "duration": 716,
              "state": "passed",
              "speed": "slow",
              "pass": true,
              "fail": false,
              "pending": false,
              "context": null,
              "code": "_HomePage[\"default\"].SelectQAAssesmentAccount();\n_HomePage[\"default\"].clickOnEditProfile();",
              "err": {},
              "uuid": "add09d9f-0de8-4012-adaf-3ad940ae9aaf",
              "parentUUID": "1eb1d768-6b6a-4d80-bd38-c5d38a6cfa70",
              "isHook": false,
              "skipped": false
            },
            {
              "title": "Select different Language and Save it",
              "fullTitle": "Set user to different language Select different Language and Save it",
              "timedOut": null,
              "duration": 15006,
              "state": "passed",
              "speed": "slow",
              "pass": true,
              "fail": false,
              "pending": false,
              "context": null,
              "code": "/*Application is logging automatically in cypress  browser environment after Clicking on Edit Profile.\nif Application is not logging out after click on Edit profile in your Test Environment, then Kindly comment out Line Number 52 and run the code.\n*/\n_LoginPage[\"default\"].loginUser(_config.login_username, _config.login_password);\n_HomePage[\"default\"].setUserLanguagetoDuetsch();\n_HomePage[\"default\"].saveLanguageChange();\n_HomePage[\"default\"].successMessageAfterLanguageChage();\n_HomePage[\"default\"].setUserLanguagetoEnglish();\n_HomePage[\"default\"].saveLanguageChange();",
              "err": {},
              "uuid": "f041d836-560f-475e-b8f0-47177725df7a",
              "parentUUID": "1eb1d768-6b6a-4d80-bd38-c5d38a6cfa70",
              "isHook": false,
              "skipped": false
            }
          ],
          "suites": [],
          "passes": [
            "add09d9f-0de8-4012-adaf-3ad940ae9aaf",
            "f041d836-560f-475e-b8f0-47177725df7a"
          ],
          "failures": [],
          "pending": [],
          "skipped": [],
          "duration": 15722,
          "root": false,
          "rootEmpty": false,
          "_timeout": 2000
        },
        {
          "uuid": "b0bc1863-3463-48e5-874b-2c34a4960d3c",
          "title": "Select the Dashboard tab",
          "fullFile": "",
          "file": "",
          "beforeHooks": [],
          "afterHooks": [],
          "tests": [
            {
              "title": "Select the Dashboard tab",
              "fullTitle": "Select the Dashboard tab Select the Dashboard tab",
              "timedOut": null,
              "duration": 1795,
              "state": "passed",
              "speed": "slow",
              "pass": true,
              "fail": false,
              "pending": false,
              "context": null,
              "code": "_HomePage[\"default\"].ClickonMenubar();\n_HomePage[\"default\"].selectDashBoard();",
              "err": {},
              "uuid": "54d7d31a-e848-4870-950c-3d58a8212916",
              "parentUUID": "b0bc1863-3463-48e5-874b-2c34a4960d3c",
              "isHook": false,
              "skipped": false
            }
          ],
          "suites": [],
          "passes": [
            "54d7d31a-e848-4870-950c-3d58a8212916"
          ],
          "failures": [],
          "pending": [],
          "skipped": [],
          "duration": 1795,
          "root": false,
          "rootEmpty": false,
          "_timeout": 2000
        },
        {
          "uuid": "b8a38a30-e069-432d-aa67-fbe45ecf68ad",
          "title": "Logout the user",
          "fullFile": "",
          "file": "",
          "beforeHooks": [],
          "afterHooks": [],
          "tests": [
            {
              "title": "Logout the user",
              "fullTitle": "Logout the user Logout the user",
              "timedOut": null,
              "duration": 7061,
              "state": "passed",
              "speed": "slow",
              "pass": true,
              "fail": false,
              "pending": false,
              "context": null,
              "code": "/*Application is logging automatically in cypress  browser environment after Selecting Dash Board.\nif Application is not logging out after Selecting Dash Board in your Test Environment, then Kindly comment out Line Number 72 and run the code.\n*/\n_LoginPage[\"default\"].loginUser(_config.login_username, _config.login_password);\n_HomePage[\"default\"].SelectQAAssesmentAccount();\n_HomePage[\"default\"].clickOnLogout();\n_HomePage[\"default\"].VerifySuccessfulLogout();",
              "err": {},
              "uuid": "199eb955-b6ff-4a7e-95f8-560acd3ccf8d",
              "parentUUID": "b8a38a30-e069-432d-aa67-fbe45ecf68ad",
              "isHook": false,
              "skipped": false
            }
          ],
          "suites": [],
          "passes": [
            "199eb955-b6ff-4a7e-95f8-560acd3ccf8d"
          ],
          "failures": [],
          "pending": [],
          "skipped": [],
          "duration": 7061,
          "root": false,
          "rootEmpty": false,
          "_timeout": 2000
        }
      ],
      "passes": [],
      "failures": [],
      "pending": [],
      "skipped": [],
      "duration": 0,
      "root": true,
      "rootEmpty": true,
      "_timeout": 2000
    }
  ],
  "meta": {
    "mocha": {
      "version": "7.0.1"
    },
    "mochawesome": {
      "options": {
        "quiet": false,
        "reportFilename": "mochawesome",
        "saveHtml": true,
        "saveJson": true,
        "consoleReporter": "spec",
        "useInlineDiffs": false,
        "code": true
      },
      "version": "6.1.1"
    },
    "marge": {
      "options": {
        "overwrite": false
      },
      "version": "5.1.0"
    }
  }
}