{
  "stats": {
    "suites": 2,
    "tests": 6,
    "passes": 6,
    "pending": 0,
    "failures": 0,
    "start": "2020-06-29T17:15:02.965Z",
    "end": "2020-06-29T17:15:24.290Z",
    "duration": 21325,
    "testsRegistered": 6,
    "passPercent": 100,
    "pendingPercent": 0,
    "other": 0,
    "hasOther": false,
    "skipped": 0,
    "hasSkipped": false
  },
  "results": [
    {
      "uuid": "0552f5ad-813e-4dfc-8f47-e76c4534ef04",
      "title": "",
      "fullFile": "cypress\\integration\\TestScripts\\Login.spec.js",
      "file": "cypress\\integration\\TestScripts\\Login.spec.js",
      "beforeHooks": [],
      "afterHooks": [],
      "tests": [],
      "suites": [
        {
          "uuid": "4cd4c052-cb19-49f6-8923-53bea0d95c2e",
          "title": "Login Failed Test",
          "fullFile": "",
          "file": "",
          "beforeHooks": [],
          "afterHooks": [],
          "tests": [
            {
              "title": "Performing login with invalid Username and Valid Password",
              "fullTitle": "Login Failed Test Performing login with invalid Username and Valid Password",
              "timedOut": null,
              "duration": 6374,
              "state": "passed",
              "speed": "slow",
              "pass": true,
              "fail": false,
              "pending": false,
              "context": null,
              "code": "_LoginPage[\"default\"].VerifyLoginPage();\n_LoginPage[\"default\"].loginUser('abc@gmail.com', _config.login_password);\n_LoginPage[\"default\"].pause(2000);",
              "err": {},
              "uuid": "0bab77a6-a2f4-4dd1-b735-83bdb5d51a40",
              "parentUUID": "4cd4c052-cb19-49f6-8923-53bea0d95c2e",
              "isHook": false,
              "skipped": false
            },
            {
              "title": "Should Display Error Message",
              "fullTitle": "Login Failed Test Should Display Error Message",
              "timedOut": null,
              "duration": 744,
              "state": "passed",
              "speed": "slow",
              "pass": true,
              "fail": false,
              "pending": false,
              "context": null,
              "code": "_LoginPage[\"default\"].errorMessage();",
              "err": {},
              "uuid": "b9f00d95-6f5b-4e0c-bb26-245d67b31bdb",
              "parentUUID": "4cd4c052-cb19-49f6-8923-53bea0d95c2e",
              "isHook": false,
              "skipped": false
            },
            {
              "title": "Performing login with invalid Password and Valid Username",
              "fullTitle": "Login Failed Test Performing login with invalid Password and Valid Username",
              "timedOut": null,
              "duration": 1307,
              "state": "passed",
              "speed": "slow",
              "pass": true,
              "fail": false,
              "pending": false,
              "context": null,
              "code": "_LoginPage[\"default\"].VerifyLoginPage();\n_LoginPage[\"default\"].loginUser(_config.login_username, 'Invalidpassword');",
              "err": {},
              "uuid": "34f9b505-9330-4f7e-998f-9488ed40ce96",
              "parentUUID": "4cd4c052-cb19-49f6-8923-53bea0d95c2e",
              "isHook": false,
              "skipped": false
            },
            {
              "title": "Should Display Error Message",
              "fullTitle": "Login Failed Test Should Display Error Message",
              "timedOut": null,
              "duration": 170,
              "state": "passed",
              "speed": "slow",
              "pass": true,
              "fail": false,
              "pending": false,
              "context": null,
              "code": "_LoginPage[\"default\"].errorMessage();",
              "err": {},
              "uuid": "e32210a0-5abd-4f54-a278-9b119b6870b0",
              "parentUUID": "4cd4c052-cb19-49f6-8923-53bea0d95c2e",
              "isHook": false,
              "skipped": false
            }
          ],
          "suites": [],
          "passes": [
            "0bab77a6-a2f4-4dd1-b735-83bdb5d51a40",
            "b9f00d95-6f5b-4e0c-bb26-245d67b31bdb",
            "34f9b505-9330-4f7e-998f-9488ed40ce96",
            "e32210a0-5abd-4f54-a278-9b119b6870b0"
          ],
          "failures": [],
          "pending": [],
          "skipped": [],
          "duration": 8595,
          "root": false,
          "rootEmpty": false,
          "_timeout": 2000
        },
        {
          "uuid": "59bc32dd-ac91-43d3-a271-166e33b9a3f2",
          "title": "Login Pass Test",
          "fullFile": "",
          "file": "",
          "beforeHooks": [],
          "afterHooks": [],
          "tests": [
            {
              "title": "Performing login with valid data",
              "fullTitle": "Login Pass Test Performing login with valid data",
              "timedOut": null,
              "duration": 9317,
              "state": "passed",
              "speed": "slow",
              "pass": true,
              "fail": false,
              "pending": false,
              "context": null,
              "code": "_LoginPage[\"default\"].VerifyLoginPage();\n_LoginPage[\"default\"].loginUser(_config.login_username, _config.login_password);\n_LoginPage[\"default\"].pause(3000);",
              "err": {},
              "uuid": "073ba02d-4b6d-467e-a1ac-304209140c33",
              "parentUUID": "59bc32dd-ac91-43d3-a271-166e33b9a3f2",
              "isHook": false,
              "skipped": false
            },
            {
              "title": "Verifying Successful Login",
              "fullTitle": "Login Pass Test Verifying Successful Login",
              "timedOut": null,
              "duration": 391,
              "state": "passed",
              "speed": "slow",
              "pass": true,
              "fail": false,
              "pending": false,
              "context": null,
              "code": "_HomePage[\"default\"].verifySuccessfulLogin();",
              "err": {},
              "uuid": "ce37e9b4-119e-4515-b2d7-a9110560e0c2",
              "parentUUID": "59bc32dd-ac91-43d3-a271-166e33b9a3f2",
              "isHook": false,
              "skipped": false
            }
          ],
          "suites": [],
          "passes": [
            "073ba02d-4b6d-467e-a1ac-304209140c33",
            "ce37e9b4-119e-4515-b2d7-a9110560e0c2"
          ],
          "failures": [],
          "pending": [],
          "skipped": [],
          "duration": 9708,
          "root": false,
          "rootEmpty": false,
          "_timeout": 2000
        }
      ],
      "passes": [],
      "failures": [],
      "pending": [],
      "skipped": [],
      "duration": 0,
      "root": true,
      "rootEmpty": true,
      "_timeout": 2000
    }
  ],
  "meta": {
    "mocha": {
      "version": "7.0.1"
    },
    "mochawesome": {
      "options": {
        "quiet": false,
        "reportFilename": "mochawesome",
        "saveHtml": true,
        "saveJson": true,
        "consoleReporter": "spec",
        "useInlineDiffs": false,
        "code": true
      },
      "version": "6.1.1"
    },
    "marge": {
      "options": {
        "overwrite": false
      },
      "version": "5.1.0"
    }
  }
}